2019-03-03 11:56:25 INFO  MainPage:29 - Open with url: https://www.glassdoor.com
2019-03-03 11:57:47 INFO  MainPage:29 - Open with url: https://www.glassdoor.com
2019-03-03 11:58:12 INFO  MainPage:55 - Navigate to Sign page
2019-03-03 11:58:12 INFO  ElementHelper:30 - CLick on element with locator: //li[@class = 'sign-in']//a[text()= 'Sign In']
2019-03-03 11:58:12 INFO  SignInPage:26 - Fill form on Sign Page
2019-03-03 11:58:12 INFO  ElementHelper:24 - Clear and set text: Test@123 to an element with locator: //input[@name = 'username']
2019-03-03 11:58:13 INFO  ElementHelper:24 - Clear and set text: testuser_1ree to an element with locator: //input[@name = 'password']
2019-03-03 11:58:14 INFO  ElementHelper:30 - CLick on element with locator: //div[@class = 'emailSignInForm']//button[@type = 'submit']
2019-03-03 11:58:14 INFO  SignInPage:34 - verify error
2019-03-03 11:58:16 INFO  MainPage:29 - Open with url: https://www.glassdoor.com
2019-03-03 11:58:21 INFO  MainPage:55 - Navigate to Sign page
2019-03-03 11:58:21 INFO  ElementHelper:30 - CLick on element with locator: //li[@class = 'sign-in']//a[text()= 'Sign In']
2019-03-03 11:58:27 INFO  MainPage:29 - Open with url: https://www.glassdoor.com
2019-03-03 11:58:30 INFO  MainPage:55 - Navigate to Sign page
2019-03-03 11:58:30 INFO  ElementHelper:30 - CLick on element with locator: //li[@class = 'sign-in']//a[text()= 'Sign In']
2019-03-03 12:07:27 INFO  MainPage:29 - Open with url: https://www.glassdoor.com
2019-03-03 12:08:35 INFO  LogListener:14 - /nTest started with name: null
2019-03-03 12:08:35 INFO  MainPage:29 - Open with url: https://www.glassdoor.com
2019-03-03 12:08:56 INFO  MainPage:55 - Navigate to Sign page
2019-03-03 12:08:56 INFO  ElementHelper:30 - CLick on element with locator: //li[@class = 'sign-in']//a[text()= 'Sign In']
2019-03-03 12:09:01 INFO  SignInPage:26 - Fill form on Sign Page
2019-03-03 12:09:01 INFO  ElementHelper:24 - Clear and set text: Test@123 to an element with locator: //input[@name = 'username']
2019-03-03 12:09:03 INFO  ElementHelper:24 - Clear and set text: testuser_1ree to an element with locator: //input[@name = 'password']
2019-03-03 12:09:03 INFO  ElementHelper:30 - CLick on element with locator: //div[@class = 'emailSignInForm']//button[@type = 'submit']
2019-03-03 12:09:08 INFO  SignInPage:34 - verify error
2019-03-03 12:09:08 INFO  LogListener:20 - Test started with name: null success

2019-03-03 12:09:11 INFO  LogListener:14 - /nTest started with name: null
2019-03-03 12:09:11 INFO  MainPage:29 - Open with url: https://www.glassdoor.com
2019-03-03 12:09:20 INFO  MainPage:55 - Navigate to Sign page
2019-03-03 12:09:20 INFO  ElementHelper:30 - CLick on element with locator: //li[@class = 'sign-in']//a[text()= 'Sign In']
2019-03-03 12:09:20 INFO  SignInPage:26 - Fill form on Sign Page
2019-03-03 12:09:20 INFO  ElementHelper:24 - Clear and set text: ecqnsn5blo@gmail.com to an element with locator: //input[@name = 'username']
2019-03-03 12:09:21 INFO  ElementHelper:24 - Clear and set text: 4xo568g2qh to an element with locator: //input[@name = 'password']
2019-03-03 12:09:21 INFO  ElementHelper:30 - CLick on element with locator: //div[@class = 'emailSignInForm']//button[@type = 'submit']
2019-03-03 12:09:21 INFO  SignInPage:34 - verify error
2019-03-03 12:09:22 INFO  LogListener:20 - Test started with name: null success

2019-03-03 12:09:23 INFO  LogListener:14 - /nTest started with name: null
2019-03-03 12:09:23 INFO  MainPage:29 - Open with url: https://www.glassdoor.com
2019-03-03 12:09:28 INFO  MainPage:55 - Navigate to Sign page
2019-03-03 12:09:28 INFO  ElementHelper:30 - CLick on element with locator: //li[@class = 'sign-in']//a[text()= 'Sign In']
2019-03-03 12:09:28 INFO  SignInPage:26 - Fill form on Sign Page
2019-03-03 12:09:28 INFO  ElementHelper:24 - Clear and set text: pjqpt3ofz0@gmail.com to an element with locator: //input[@name = 'username']
2019-03-03 12:09:29 INFO  ElementHelper:24 - Clear and set text: ogyfy2sbi7 to an element with locator: //input[@name = 'password']
2019-03-03 12:09:30 INFO  ElementHelper:30 - CLick on element with locator: //div[@class = 'emailSignInForm']//button[@type = 'submit']
2019-03-03 12:09:30 INFO  SignInPage:34 - verify error
2019-03-03 12:09:30 INFO  LogListener:20 - Test started with name: null success

2019-03-03 12:11:53 INFO  LogListener:14 - /nTest started with name: null
2019-03-03 12:11:53 INFO  MainPage:29 - Open with url: https://www.glassdoor.com
2019-03-03 12:12:17 INFO  MainPage:55 - Navigate to Sign page
2019-03-03 12:12:17 INFO  ElementHelper:30 - CLick on element with locator: //li[@class = 'sign-in']//a[text()= 'Sign In']
2019-03-03 12:12:22 INFO  SignInPage:26 - Fill form on Sign Page
2019-03-03 12:12:22 INFO  ElementHelper:24 - Clear and set text: Test@123 to an element with locator: //input[@name = 'username']
2019-03-03 12:12:23 INFO  ElementHelper:24 - Clear and set text: testuser_1ree to an element with locator: //input[@name = 'password']
2019-03-03 12:12:23 INFO  ElementHelper:30 - CLick on element with locator: //div[@class = 'emailSignInForm']//button[@type = 'submit']
2019-03-03 12:12:29 INFO  SignInPage:34 - verify error
2019-03-03 12:12:29 INFO  LogListener:20 - Test started with name: null success

2019-03-03 12:12:32 INFO  LogListener:14 - /nTest started with name: null
2019-03-03 12:12:32 INFO  MainPage:29 - Open with url: https://www.glassdoor.com
2019-03-03 12:12:36 INFO  MainPage:55 - Navigate to Sign page
2019-03-03 12:12:36 INFO  ElementHelper:30 - CLick on element with locator: //li[@class = 'sign-in']//a[text()= 'Sign In']
2019-03-03 12:12:40 INFO  LogListener:26 - Test started with name: null fail

2019-03-03 12:12:40 INFO  LogListener:27 - Test error: org.openqa.selenium.NoSuchElementException: no such element: Unable to locate element: {"method":"xpath","selector":"//li[@class = 'sign-in']//a[text()= 'Sign In']"}
  (Session info: chrome=72.0.3626.119)
  (Driver info: chromedriver=2.46.628411 (3324f4c8be9ff2f70a05a30ebc72ffb013e1a71e),platform=Mac OS X 10.12.6 x86_64) (WARNING: The server did not provide any stacktrace information)
Command duration or timeout: 0 milliseconds
For documentation on this error, please visit: https://www.seleniumhq.org/exceptions/no_such_element.html
Build info: version: '3.141.59', revision: 'e82be7d358', time: '2018-11-14T08:17:03'
System info: host: 'AlexandersMBP2', ip: '2600:1700:c2a1:fe0:f0a7:bce9:2b1f:10d2%en0', os.name: 'Mac OS X', os.arch: 'x86_64', os.version: '10.12.6', java.version: '1.8.0_201'
Driver info: org.openqa.selenium.chrome.ChromeDriver
Capabilities {acceptInsecureCerts: false, acceptSslCerts: false, applicationCacheEnabled: false, browserConnectionEnabled: false, browserName: chrome, chrome: {chromedriverVersion: 2.46.628411 (3324f4c8be9ff2..., userDataDir: /var/folders/mx/69xrsg991kg...}, cssSelectorsEnabled: true, databaseEnabled: false, goog:chromeOptions: {debuggerAddress: localhost:55937}, handlesAlerts: true, hasTouchScreen: false, javascriptEnabled: true, locationContextEnabled: true, mobileEmulationEnabled: false, nativeEvents: true, networkConnectionEnabled: false, pageLoadStrategy: normal, platform: MAC, platformName: MAC, proxy: Proxy(), rotatable: false, setWindowRect: true, strictFileInteractability: false, takesHeapSnapshot: true, takesScreenshot: true, timeouts: {implicit: 0, pageLoad: 300000, script: 30000}, unexpectedAlertBehaviour: ignore, unhandledPromptBehavior: ignore, version: 72.0.3626.119, webStorageEnabled: true}
Session ID: ec53754d3f65b908549919feef52df5e
*** Element info: {Using=xpath, value=//li[@class = 'sign-in']//a[text()= 'Sign In']}
2019-03-03 12:12:42 INFO  LogListener:14 - /nTest started with name: null
2019-03-03 12:12:42 INFO  MainPage:29 - Open with url: https://www.glassdoor.com
2019-03-03 12:12:47 INFO  MainPage:55 - Navigate to Sign page
2019-03-03 12:12:47 INFO  ElementHelper:30 - CLick on element with locator: //li[@class = 'sign-in']//a[text()= 'Sign In']
2019-03-03 12:12:47 INFO  SignInPage:26 - Fill form on Sign Page
2019-03-03 12:12:47 INFO  ElementHelper:24 - Clear and set text: tuccm63cgi@gmail.com to an element with locator: //input[@name = 'username']
2019-03-03 12:12:48 INFO  ElementHelper:24 - Clear and set text: 8eijjs1ara to an element with locator: //input[@name = 'password']
2019-03-03 12:12:48 INFO  ElementHelper:30 - CLick on element with locator: //div[@class = 'emailSignInForm']//button[@type = 'submit']
2019-03-03 12:12:49 INFO  SignInPage:34 - verify error
2019-03-03 12:12:49 INFO  LogListener:20 - Test started with name: null success

2019-03-03 12:16:51 INFO  LogListener:14 - /nTest started with name: null
2019-03-03 12:16:51 INFO  MainPage:29 - Open with url: https://www.glassdoor.com
2019-03-03 12:17:13 INFO  MainPage:55 - Navigate to Sign page
2019-03-03 12:17:13 INFO  ElementHelper:30 - CLick on element with locator: //li[@class = 'sign-in']//a[text()= 'Sign In']
2019-03-03 12:17:18 INFO  SignInPage:26 - Fill form on Sign Page
2019-03-03 12:17:18 INFO  ElementHelper:24 - Clear and set text: v6umgsgi8y@gmail.com to an element with locator: //input[@name = 'username']
2019-03-03 12:17:19 INFO  ElementHelper:24 - Clear and set text: grfnzuyl8e to an element with locator: //input[@name = 'password']
2019-03-03 12:17:19 INFO  ElementHelper:30 - CLick on element with locator: //div[@class = 'emailSignInForm']//button[@type = 'submit']
2019-03-03 12:17:25 INFO  SignInPage:34 - verify error
2019-03-03 12:17:25 INFO  LogListener:20 - Test started with name: null success

2019-03-03 12:17:51 INFO  LogListener:14 - /nTest started with name: null
2019-03-03 12:17:51 INFO  MainPage:29 - Open with url: https://www.glassdoor.com
2019-03-03 12:18:09 INFO  MainPage:55 - Navigate to Sign page
2019-03-03 12:18:09 INFO  ElementHelper:30 - CLick on element with locator: //li[@class = 'sign-in']//a[text()= 'Sign In']
2019-03-03 12:18:13 ERROR LogListener:26 - Test started with name: null fail

2019-03-03 12:18:13 ERROR LogListener:27 - Test error: org.openqa.selenium.NoSuchElementException: no such element: Unable to locate element: {"method":"xpath","selector":"//li[@class = 'sign-in']//a[text()= 'Sign In']"}
  (Session info: chrome=72.0.3626.119)
  (Driver info: chromedriver=2.46.628411 (3324f4c8be9ff2f70a05a30ebc72ffb013e1a71e),platform=Mac OS X 10.12.6 x86_64) (WARNING: The server did not provide any stacktrace information)
Command duration or timeout: 0 milliseconds
For documentation on this error, please visit: https://www.seleniumhq.org/exceptions/no_such_element.html
Build info: version: '3.141.59', revision: 'e82be7d358', time: '2018-11-14T08:17:03'
System info: host: 'AlexandersMBP2', ip: '2600:1700:c2a1:fe0:f0a7:bce9:2b1f:10d2%en0', os.name: 'Mac OS X', os.arch: 'x86_64', os.version: '10.12.6', java.version: '1.8.0_201'
Driver info: org.openqa.selenium.chrome.ChromeDriver
Capabilities {acceptInsecureCerts: false, acceptSslCerts: false, applicationCacheEnabled: false, browserConnectionEnabled: false, browserName: chrome, chrome: {chromedriverVersion: 2.46.628411 (3324f4c8be9ff2..., userDataDir: /var/folders/mx/69xrsg991kg...}, cssSelectorsEnabled: true, databaseEnabled: false, goog:chromeOptions: {debuggerAddress: localhost:57641}, handlesAlerts: true, hasTouchScreen: false, javascriptEnabled: true, locationContextEnabled: true, mobileEmulationEnabled: false, nativeEvents: true, networkConnectionEnabled: false, pageLoadStrategy: normal, platform: MAC, platformName: MAC, proxy: Proxy(), rotatable: false, setWindowRect: true, strictFileInteractability: false, takesHeapSnapshot: true, takesScreenshot: true, timeouts: {implicit: 0, pageLoad: 300000, script: 30000}, unexpectedAlertBehaviour: ignore, unhandledPromptBehavior: ignore, version: 72.0.3626.119, webStorageEnabled: true}
Session ID: 1f54a37a1faecc3ba916e48d8573ee68
*** Element info: {Using=xpath, value=//li[@class = 'sign-in']//a[text()= 'Sign In']}
2019-03-03 12:18:15 INFO  LogListener:14 - /nTest started with name: null
2019-03-03 12:18:15 INFO  MainPage:29 - Open with url: https://www.glassdoor.com
2019-03-03 12:18:20 INFO  MainPage:55 - Navigate to Sign page
2019-03-03 12:18:20 INFO  ElementHelper:30 - CLick on element with locator: //li[@class = 'sign-in']//a[text()= 'Sign In']
2019-03-03 12:18:24 ERROR LogListener:26 - Test started with name: null fail

2019-03-03 12:18:24 ERROR LogListener:27 - Test error: org.openqa.selenium.NoSuchElementException: no such element: Unable to locate element: {"method":"xpath","selector":"//li[@class = 'sign-in']//a[text()= 'Sign In']"}
  (Session info: chrome=72.0.3626.119)
  (Driver info: chromedriver=2.46.628411 (3324f4c8be9ff2f70a05a30ebc72ffb013e1a71e),platform=Mac OS X 10.12.6 x86_64) (WARNING: The server did not provide any stacktrace information)
Command duration or timeout: 0 milliseconds
For documentation on this error, please visit: https://www.seleniumhq.org/exceptions/no_such_element.html
Build info: version: '3.141.59', revision: 'e82be7d358', time: '2018-11-14T08:17:03'
System info: host: 'AlexandersMBP2', ip: '2600:1700:c2a1:fe0:f0a7:bce9:2b1f:10d2%en0', os.name: 'Mac OS X', os.arch: 'x86_64', os.version: '10.12.6', java.version: '1.8.0_201'
Driver info: org.openqa.selenium.chrome.ChromeDriver
Capabilities {acceptInsecureCerts: false, acceptSslCerts: false, applicationCacheEnabled: false, browserConnectionEnabled: false, browserName: chrome, chrome: {chromedriverVersion: 2.46.628411 (3324f4c8be9ff2..., userDataDir: /var/folders/mx/69xrsg991kg...}, cssSelectorsEnabled: true, databaseEnabled: false, goog:chromeOptions: {debuggerAddress: localhost:57641}, handlesAlerts: true, hasTouchScreen: false, javascriptEnabled: true, locationContextEnabled: true, mobileEmulationEnabled: false, nativeEvents: true, networkConnectionEnabled: false, pageLoadStrategy: normal, platform: MAC, platformName: MAC, proxy: Proxy(), rotatable: false, setWindowRect: true, strictFileInteractability: false, takesHeapSnapshot: true, takesScreenshot: true, timeouts: {implicit: 0, pageLoad: 300000, script: 30000}, unexpectedAlertBehaviour: ignore, unhandledPromptBehavior: ignore, version: 72.0.3626.119, webStorageEnabled: true}
Session ID: 1f54a37a1faecc3ba916e48d8573ee68
*** Element info: {Using=xpath, value=//li[@class = 'sign-in']//a[text()= 'Sign In']}
2019-03-03 12:18:26 INFO  LogListener:14 - /nTest started with name: null
2019-03-03 12:18:26 INFO  MainPage:29 - Open with url: https://www.glassdoor.com
2019-03-03 12:18:29 INFO  MainPage:55 - Navigate to Sign page
2019-03-03 12:18:29 INFO  ElementHelper:30 - CLick on element with locator: //li[@class = 'sign-in']//a[text()= 'Sign In']
2019-03-03 12:18:33 ERROR LogListener:26 - Test started with name: null fail

2019-03-03 12:18:33 ERROR LogListener:27 - Test error: org.openqa.selenium.NoSuchElementException: no such element: Unable to locate element: {"method":"xpath","selector":"//li[@class = 'sign-in']//a[text()= 'Sign In']"}
  (Session info: chrome=72.0.3626.119)
  (Driver info: chromedriver=2.46.628411 (3324f4c8be9ff2f70a05a30ebc72ffb013e1a71e),platform=Mac OS X 10.12.6 x86_64) (WARNING: The server did not provide any stacktrace information)
Command duration or timeout: 0 milliseconds
For documentation on this error, please visit: https://www.seleniumhq.org/exceptions/no_such_element.html
Build info: version: '3.141.59', revision: 'e82be7d358', time: '2018-11-14T08:17:03'
System info: host: 'AlexandersMBP2', ip: '2600:1700:c2a1:fe0:f0a7:bce9:2b1f:10d2%en0', os.name: 'Mac OS X', os.arch: 'x86_64', os.version: '10.12.6', java.version: '1.8.0_201'
Driver info: org.openqa.selenium.chrome.ChromeDriver
Capabilities {acceptInsecureCerts: false, acceptSslCerts: false, applicationCacheEnabled: false, browserConnectionEnabled: false, browserName: chrome, chrome: {chromedriverVersion: 2.46.628411 (3324f4c8be9ff2..., userDataDir: /var/folders/mx/69xrsg991kg...}, cssSelectorsEnabled: true, databaseEnabled: false, goog:chromeOptions: {debuggerAddress: localhost:57641}, handlesAlerts: true, hasTouchScreen: false, javascriptEnabled: true, locationContextEnabled: true, mobileEmulationEnabled: false, nativeEvents: true, networkConnectionEnabled: false, pageLoadStrategy: normal, platform: MAC, platformName: MAC, proxy: Proxy(), rotatable: false, setWindowRect: true, strictFileInteractability: false, takesHeapSnapshot: true, takesScreenshot: true, timeouts: {implicit: 0, pageLoad: 300000, script: 30000}, unexpectedAlertBehaviour: ignore, unhandledPromptBehavior: ignore, version: 72.0.3626.119, webStorageEnabled: true}
Session ID: 1f54a37a1faecc3ba916e48d8573ee68
*** Element info: {Using=xpath, value=//li[@class = 'sign-in']//a[text()= 'Sign In']}
